  Main.cpp
C:\Users\Rahman Khorramfar\Desktop\NGES Codes\NGES-6b-Gurobi\Main.cpp(129,35): warning C4267: 'initializing': conversion from 'size_t' to 'int', possible loss of data
  Models.cpp
  Modules.cpp
C:\Users\Rahman Khorramfar\Desktop\NGES Codes\NGES-6b-Gurobi\Modules.cpp(180,41): warning C4267: 'argument': conversion from 'size_t' to 'int', possible loss of data
C:\Users\Rahman Khorramfar\Desktop\NGES Codes\NGES-6b-Gurobi\Modules.cpp(342,58): warning C4267: 'argument': conversion from 'size_t' to 'int', possible loss of data
C:\Users\Rahman Khorramfar\Desktop\NGES Codes\NGES-6b-Gurobi\Modules.cpp(346,56): warning C4267: 'argument': conversion from 'size_t' to 'int', possible loss of data
C:\Users\Rahman Khorramfar\Desktop\NGES Codes\NGES-6b-Gurobi\Modules.cpp(347,56): warning C4267: 'argument': conversion from 'size_t' to 'int', possible loss of data
C:\Users\Rahman Khorramfar\Desktop\NGES Codes\NGES-6b-Gurobi\Modules.cpp(348,56): warning C4267: 'argument': conversion from 'size_t' to 'int', possible loss of data
C:\Users\Rahman Khorramfar\Desktop\NGES Codes\NGES-6b-Gurobi\Modules.cpp(352,62): warning C4267: 'argument': conversion from 'size_t' to 'int', possible loss of data
C:\Users\Rahman Khorramfar\Desktop\NGES Codes\NGES-6b-Gurobi\Modules.cpp(358,58): warning C4267: 'argument': conversion from 'size_t' to 'int', possible loss of data
C:\Users\Rahman Khorramfar\Desktop\NGES Codes\NGES-6b-Gurobi\Modules.cpp(359,57): warning C4267: 'argument': conversion from 'size_t' to 'int', possible loss of data
C:\Users\Rahman Khorramfar\Desktop\NGES Codes\NGES-6b-Gurobi\Modules.cpp(360,59): warning C4267: 'argument': conversion from 'size_t' to 'int', possible loss of data
C:\Users\Rahman Khorramfar\Desktop\NGES Codes\NGES-6b-Gurobi\Modules.cpp(365,62): warning C4267: 'argument': conversion from 'size_t' to 'int', possible loss of data
C:\Users\Rahman Khorramfar\Desktop\NGES Codes\NGES-6b-Gurobi\Modules.cpp(370,62): warning C4267: 'argument': conversion from 'size_t' to 'int', possible loss of data
C:\Users\Rahman Khorramfar\Desktop\NGES Codes\NGES-6b-Gurobi\Modules.cpp(585,11): warning C4244: 'initializing': conversion from '__int64' to 'int', possible loss of data
C:\Users\Rahman Khorramfar\Desktop\NGES Codes\NGES-6b-Gurobi\Modules.cpp(615,14): warning C4244: 'initializing': conversion from '__int64' to 'int', possible loss of data
  Print.cpp
C:\Users\Rahman Khorramfar\Desktop\NGES Codes\NGES-6b-Gurobi\Print.cpp(454,40): warning C4244: '+=': conversion from 'double' to 'int', possible loss of data
C:\Users\Rahman Khorramfar\Desktop\NGES Codes\NGES-6b-Gurobi\Print.cpp(631,15): warning C4244: 'initializing': conversion from 'double' to 'int', possible loss of data
C:\Users\Rahman Khorramfar\Desktop\NGES Codes\NGES-6b-Gurobi\Print.cpp(632,13): warning C4244: 'initializing': conversion from 'double' to 'int', possible loss of data
C:\Users\Rahman Khorramfar\Desktop\NGES Codes\NGES-6b-Gurobi\Print.cpp(633,10): warning C4244: 'initializing': conversion from 'double' to 'int', possible loss of data
C:\Users\Rahman Khorramfar\Desktop\NGES Codes\NGES-6b-Gurobi\Print.cpp(634,10): warning C4244: 'initializing': conversion from 'double' to 'int', possible loss of data
  ProblemData.cpp
C:\Users\Rahman Khorramfar\Desktop\NGES Codes\NGES-6b-Gurobi\ProblemData.cpp(88,44): warning C4244: 'argument': conversion from 'double' to '_Ty', possible loss of data
          with
          [
              _Ty=int
          ]
C:\Users\Rahman Khorramfar\Desktop\NGES Codes\NGES-6b-Gurobi\ProblemData.cpp(200,13): warning C4101: 'emis_rate': unreferenced local variable
C:\Users\Rahman Khorramfar\Desktop\NGES Codes\NGES-6b-Gurobi\ProblemData.cpp(200,10): warning C4101: 'h': unreferenced local variable
C:\Users\Rahman Khorramfar\Desktop\NGES Codes\NGES-6b-Gurobi\ProblemData.cpp(315,29): warning C4244: 'argument': conversion from 'double' to 'int', possible loss of data
C:\Users\Rahman Khorramfar\Desktop\NGES Codes\NGES-6b-Gurobi\ProblemData.cpp(315,19): warning C4244: 'argument': conversion from 'double' to 'int', possible loss of data
C:\Users\Rahman Khorramfar\Desktop\NGES Codes\NGES-6b-Gurobi\ProblemData.cpp(315,13): warning C4244: 'argument': conversion from 'double' to 'int', possible loss of data
C:\Users\Rahman Khorramfar\Desktop\NGES Codes\NGES-6b-Gurobi\ProblemData.cpp(317,17): warning C4244: 'argument': conversion from 'double' to 'int', possible loss of data
  Generating code
  Previous IPDB not found, fall back to full compilation.
  All 1816 functions were compiled because no usable IPDB/IOBJ from previous compilation was found.
  Finished generating code
  NGES-6b-Gurobi.vcxproj -> C:\Users\Rahman Khorramfar\Desktop\NGES Codes\NGES-6b-Gurobi\x64\Release\NGES-6b-Gurobi.exe
